<?xml version="1.0" encoding="UTF-8"?>
<!-- Generated by org.testng.reporters.JUnitReportReporter -->
<testsuite hostname="Devos-MacBook-Air.local" failures="0" tests="1" name="runner.TestRunner" time="18.697" errors="0" timestamp="2025-02-19T11:37:11 WIB" skipped="0">
  <testcase classname="runner.TestRunner" name="runScenario" time="18.697"/>
</testsuite> <!-- runner.TestRunner -->
