<?xml version="1.0" encoding="UTF-8"?>
<!-- Generated by org.testng.reporters.JUnitReportReporter -->
<testsuite hostname="Devos-MacBook-Air.local" failures="0" tests="1" name="runner.TestRunner" time="10.111" errors="0" timestamp="2025-02-19T10:35:01 WIB" skipped="0">
  <testcase classname="runner.TestRunner" name="runScenario" time="10.111"/>
</testsuite> <!-- runner.TestRunner -->
